[debug] [2023-05-22T00:07:00.416Z] ----------------------------------------------------------------------
[debug] [2023-05-22T00:07:00.420Z] Command:       C:\Program Files\nodejs\node.exe C:\Users\wanyoike\AppData\Roaming\npm\node_modules\firebase-tools\lib\bin\firebase.js init
[debug] [2023-05-22T00:07:00.420Z] CLI Version:   12.1.0
[debug] [2023-05-22T00:07:00.421Z] Platform:      win32
[debug] [2023-05-22T00:07:00.421Z] Node Version:  v18.16.0
[debug] [2023-05-22T00:07:00.423Z] Time:          Mon May 22 2023 03:07:00 GMT+0300 (East Africa Time)
[debug] [2023-05-22T00:07:00.423Z] ----------------------------------------------------------------------
[debug] 
[debug] [2023-05-22T00:07:00.583Z] > command requires scopes: ["email","openid","https://www.googleapis.com/auth/cloudplatformprojects.readonly","https://www.googleapis.com/auth/firebase","https://www.googleapis.com/auth/cloud-platform"]
[debug] [2023-05-22T00:07:00.584Z] > authorizing via signed-in user (wanyoikesamuel42@gmail.com)
[info] 
     ######## #### ########  ######## ########     ###     ######  ########
     ##        ##  ##     ## ##       ##     ##  ##   ##  ##       ##
     ######    ##  ########  ######   ########  #########  ######  ######
     ##        ##  ##    ##  ##       ##     ## ##     ##       ## ##
     ##       #### ##     ## ######## ########  ##     ##  ######  ########

You're about to initialize a Firebase project in this directory:

  C:\Users\wanyoike\OneDrive\Documents\socialchatproject

Before we get started, keep in mind:

  * You are initializing within an existing Firebase project directory

[info] 
=== Project Setup
[info] 
[info] First, let's associate this project directory with a Firebase project.
[info] You can create multiple project aliases by running firebase use --add, 
[info] but for now we'll just set up a default project.
[info] 
[debug] [2023-05-22T00:08:16.013Z] Using project from CLI flag: social-chat-project-c1d33
[debug] [2023-05-22T00:08:16.019Z] >>> [apiv2][query] GET https://firebase.googleapis.com/v1beta1/projects/social-chat-project-c1d33 [none]
[debug] [2023-05-22T00:08:16.674Z] <<< [apiv2][status] GET https://firebase.googleapis.com/v1beta1/projects/social-chat-project-c1d33 200
[debug] [2023-05-22T00:08:16.675Z] <<< [apiv2][body] GET https://firebase.googleapis.com/v1beta1/projects/social-chat-project-c1d33 {"projectId":"social-chat-project-c1d33","projectNumber":"145383400603","displayName":"social-chat-project","name":"projects/social-chat-project-c1d33","resources":{"hostingSite":"social-chat-project-c1d33","realtimeDatabaseInstance":"social-chat-project-c1d33-default-rtdb"},"state":"ACTIVE","etag":"1_5867e6be-39bb-4383-a9e3-5ea8244bb96a"}
[info] i  Using project social-chat-project-c1d33 (social-chat-project) 
[info] 
=== Hosting Setup
[info] 
[info] Your public directory is the folder (relative to your project directory) that
[info] will contain Hosting assets to be uploaded with firebase deploy. If you
[info] have a build process for your assets, use your build's output directory.
[info] 
[info] +  Wrote public/404.html 
[debug] [2023-05-22T00:11:10.886Z] >>> [apiv2][query] GET https://www.gstatic.com/firebasejs/releases.json [none]
[debug] [2023-05-22T00:11:11.206Z] <<< [apiv2][status] GET https://www.gstatic.com/firebasejs/releases.json 200
[debug] [2023-05-22T00:11:11.206Z] <<< [apiv2][body] GET https://www.gstatic.com/firebasejs/releases.json {"current":{"version":"9.22.0","browserURL":"https://www.gstatic.com/firebasejs/9.22.0/firebase.js","packageURL":"https://www.gstatic.com/firebasejs/9.22.0/firebase.tgz"},"live":{"version":"9.22","browserURL":"https://www.gstatic.com/firebasejs/live/9.22/firebase.js","packageURL":"https://www.gstatic.com/firebasejs/live/9.22/firebase.tgz"},"components":{"analytics":"https://www.gstatic.com/firebasejs/9.22.0/firebase-analytics.js","app":"https://www.gstatic.com/firebasejs/9.22.0/firebase-app.js","app-check":"https://www.gstatic.com/firebasejs/9.22.0/firebase-app-check.js","auth":"https://www.gstatic.com/firebasejs/9.22.0/firebase-auth.js","auth/cordova":"https://www.gstatic.com/firebasejs/9.22.0/firebase-auth/cordova.js","auth/react-native":"https://www.gstatic.com/firebasejs/9.22.0/firebase-auth/react-native.js","functions":"https://www.gstatic.com/firebasejs/9.22.0/firebase-functions.js","firestore":"https://www.gstatic.com/firebasejs/9.22.0/firebase-firestore.js","firestore/lite":"https://www.gstatic.com/firebasejs/9.22.0/firebase-firestore/lite.js","installations":"https://www.gstatic.com/firebasejs/9.22.0/firebase-installations.js","storage":"https://www.gstatic.com/firebasejs/9.22.0/firebase-storage.js","performance":"https://www.gstatic.com/firebasejs/9.22.0/firebase-performance.js","remote-config":"https://www.gstatic.com/firebasejs/9.22.0/firebase-remote-config.js","messaging":"https://www.gstatic.com/firebasejs/9.22.0/firebase-messaging.js","messaging/sw":"https://www.gstatic.com/firebasejs/9.22.0/firebase-messaging/sw.js","database":"https://www.gstatic.com/firebasejs/9.22.0/firebase-database.js","firestore.memory":"https://www.gstatic.com/firebasejs/9.22.0/firebase-firestore.memory.js"}}
[info] i  Skipping write of public/index.html 
[info] 
[info] i  Detected a .git folder at C:\Users\wanyoike\OneDrive\Documents\socialchatproject 
[info] i  Authorizing with GitHub to upload your service account to a GitHub repository's secrets store. 
[info] 
[info] Visit this URL on this device to log in:
[info] https://github.com/login/oauth/authorize?client_id=89cf50f02ac6aaed3484&state=248745918&redirect_uri=http%3A%2F%2Flocalhost%3A9005&scope=read%3Auser%20repo%20public_repo
[info] 
[info] Waiting for authentication...
[debug] [2023-05-22T00:11:45.592Z] >>> [apiv2][query] POST https://github.com/login/oauth/access_token [none]
[debug] [2023-05-22T00:11:45.592Z] >>> [apiv2][body] POST https://github.com/login/oauth/access_token [stream]
[debug] [2023-05-22T00:11:46.312Z] <<< [apiv2][status] POST https://github.com/login/oauth/access_token 200
[debug] [2023-05-22T00:11:46.312Z] <<< [apiv2][body] POST https://github.com/login/oauth/access_token {"access_token":"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","token_type":"bearer","scope":"read:user,repo"}
[debug] [2023-05-22T00:11:47.436Z] >>> [apiv2][query] GET https://api.github.com/user [none]
[debug] [2023-05-22T00:11:47.992Z] <<< [apiv2][status] GET https://api.github.com/user 200
[debug] [2023-05-22T00:11:47.992Z] <<< [apiv2][body] GET https://api.github.com/user {"login":"samuel-wanyoike","id":125296142,"node_id":"U_kgDOB3feDg","avatar_url":"https://avatars.githubusercontent.com/u/125296142?v=4","gravatar_id":"","url":"https://api.github.com/users/samuel-wanyoike","html_url":"https://github.com/samuel-wanyoike","followers_url":"https://api.github.com/users/samuel-wanyoike/followers","following_url":"https://api.github.com/users/samuel-wanyoike/following{/other_user}","gists_url":"https://api.github.com/users/samuel-wanyoike/gists{/gist_id}","starred_url":"https://api.github.com/users/samuel-wanyoike/starred{/owner}{/repo}","subscriptions_url":"https://api.github.com/users/samuel-wanyoike/subscriptions","organizations_url":"https://api.github.com/users/samuel-wanyoike/orgs","repos_url":"https://api.github.com/users/samuel-wanyoike/repos","events_url":"https://api.github.com/users/samuel-wanyoike/events{/privacy}","received_events_url":"https://api.github.com/users/samuel-wanyoike/received_events","type":"User","site_admin":false,"name":null,"company":null,"blog":"","location":null,"email":null,"hireable":null,"bio":null,"twitter_username":null,"public_repos":14,"public_gists":0,"followers":0,"following":0,"created_at":"2023-02-13T16:47:32Z","updated_at":"2023-04-18T14:39:12Z","private_gists":0,"total_private_repos":0,"owned_private_repos":0,"disk_usage":1512,"collaborators":0,"two_factor_authentication":false,"plan":{"name":"free","space":976562499,"collaborators":0,"private_repos":10000}}
[info] 
[info] +  Success! Logged into GitHub as samuel-wanyoike 
[info] 
